<?xml version="1.0" encoding="UTF-8"?>
<!-- Generated by org.testng.reporters.JUnitXMLReporter -->
<testsuite hostname="DESKTOP-68S2GAU" ignored="0" name="Default test" tests="3" failures="0" timestamp="12 Apr 2021 05:02:42 GMT" time="0.078" errors="0">
  <testcase name="test_OpenBrowser" time="0.02" classname="testNG.concept.TestNGDependent"/>
  <testcase name="test_NavigateToURL" time="0.001" classname="testNG.concept.TestNGDependent"/>
  <testcase name="test_SignINtoApplication" time="0.003" classname="testNG.concept.TestNGDependent"/>
</testsuite> <!-- Default test -->
