<?xml version="1.0" encoding="UTF-8"?>
<!-- Generated by org.testng.reporters.JUnitXMLReporter -->
<testsuite hostname="DESKTOP-68S2GAU" ignored="0" name="Test" tests="4" failures="0" timestamp="12 Apr 2021 03:18:38 GMT" time="0.084" errors="0">
  <testcase name="test_without_priority" time="0.007" classname="testNG.concept.TestNGAnnotation"/>
  <testcase name="test_hree" time="0.002" classname="testNG.concept.TestNGAnnotation"/>
  <testcase name="test_two" time="0.004" classname="testNG.concept.TestNGAnnotation"/>
  <testcase name="test_one" time="0.002" classname="testNG.concept.TestNGAnnotation"/>
</testsuite> <!-- Test -->
