<?xml version="1.0" encoding="UTF-8"?>
<!-- Generated by org.testng.reporters.JUnitXMLReporter -->
<testsuite hostname="DESKTOP-68S2GAU" ignored="0" name="Command line test" tests="15" failures="1" timestamp="2021-04-12T00:59:50 EDT" time="0.173" errors="0">
  <testcase name="hardAssertion" time="0.007" classname="testNG.concept.TestNGAssertions"/>
  <testcase name="loginToHotel" time="0.0" classname="tests.LoginTest">
    <failure type="org.testng.TestNGException" message="
Parameter &amp;apos;userName&amp;apos; is required by @Test on method loginToHotel but has not been marked @Optional or defined
">
      <![CDATA[org.testng.TestNGException: 
Parameter 'userName' is required by @Test on method loginToHotel but has not been marked @Optional or defined

at java.util.ArrayList.forEach(ArrayList.java:1259)
... Removed 36 stack frames]]>
    </failure>
  </testcase> <!-- loginToHotel -->
  <testcase name="softAssertion" time="0.009" classname="testNG.concept.TestNGAssertions"/>
  <testcase name="testRegression" time="0.0" classname="testNG.concept.TestNGGroups"/>
  <testcase name="testRegression_two" time="0.001" classname="testNG.concept.TestNGGroups"/>
  <testcase name="testSmoke" time="0.012" classname="testNG.concept.TestNGGroups"/>
  <testcase name="testSmoke_three" time="0.0" classname="testNG.concept.TestNGGroups"/>
  <testcase name="testSmoke_two" time="0.001" classname="testNG.concept.TestNGGroups"/>
  <testcase name="test_OpenBrowser" time="0.0" classname="testNG.concept.TestNGDependent"/>
  <testcase name="test_NavigateToURL" time="0.001" classname="testNG.concept.TestNGDependent"/>
  <testcase name="test_SignINtoApplication" time="0.001" classname="testNG.concept.TestNGDependent"/>
  <testcase name="test_without_priority" time="0.001" classname="testNG.concept.TestNGAnnotation"/>
  <testcase name="test_hree" time="0.0" classname="testNG.concept.TestNGAnnotation"/>
  <testcase name="test_two" time="0.001" classname="testNG.concept.TestNGAnnotation"/>
  <testcase name="test_one" time="0.0" classname="testNG.concept.TestNGAnnotation"/>
</testsuite> <!-- Command line test -->
