<?xml version="1.0" encoding="UTF-8"?>
<testng-results skipped="0" failed="0" ignored="0" total="3" passed="3">
  <reporter-output>
  </reporter-output>
  <suite name="Default suite" duration-ms="78" started-at="2021-04-12T05:02:42Z" finished-at="2021-04-12T05:02:42Z">
    <groups>
      <group name="test">
        <method signature="TestNGDependent.test_OpenBrowser()[pri:0, instance:testNG.concept.TestNGDependent@24b1d79b]" name="test_OpenBrowser" class="testNG.concept.TestNGDependent"/>
      </group> <!-- test -->
    </groups>
    <test name="Default test" duration-ms="78" started-at="2021-04-12T05:02:42Z" finished-at="2021-04-12T05:02:42Z">
      <class name="testNG.concept.TestNGDependent">
        <test-method status="PASS" signature="test_OpenBrowser()[pri:0, instance:testNG.concept.TestNGDependent@24b1d79b]" name="test_OpenBrowser" duration-ms="20" started-at="2021-04-12T05:02:42Z" finished-at="2021-04-12T05:02:42Z">
          <reporter-output>
          </reporter-output>
        </test-method> <!-- test_OpenBrowser -->
        <test-method status="PASS" signature="test_NavigateToURL()[pri:0, instance:testNG.concept.TestNGDependent@24b1d79b]" name="test_NavigateToURL" duration-ms="1" started-at="2021-04-12T05:02:42Z" depends-on-methods="testNG.concept.TestNGDependent.test_OpenBrowser" finished-at="2021-04-12T05:02:42Z">
          <reporter-output>
          </reporter-output>
        </test-method> <!-- test_NavigateToURL -->
        <test-method status="PASS" signature="test_SignINtoApplication()[pri:0, instance:testNG.concept.TestNGDependent@24b1d79b]" name="test_SignINtoApplication" duration-ms="3" depends-on-groups="test" started-at="2021-04-12T05:02:42Z" depends-on-methods="testNG.concept.TestNGDependent.test_NavigateToURL" finished-at="2021-04-12T05:02:42Z">
          <reporter-output>
          </reporter-output>
        </test-method> <!-- test_SignINtoApplication -->
      </class> <!-- testNG.concept.TestNGDependent -->
    </test> <!-- Default test -->
  </suite> <!-- Default suite -->
</testng-results>
